This is pdfTeX, Version 3.14159265-2.6-1.40.20 (MiKTeX 2.9.7250 64-bit) (preloaded format=pdflatex 2020.2.5)  14 FEB 2022 19:15
entering extended mode
**./SDS_Day_1.tex
(SDS_Day_1.tex
LaTeX2e <2020-02-02>
L3 programming layer <2020-01-31> ("C:\Users\reedb\AppData\Local\Programs\MiKTe
X 2.9\tex/latex/base\article.cls"
Document Class: article 2019/12/20 v1.4l Standard LaTeX document class
("C:\Users\reedb\AppData\Local\Programs\MiKTeX 2.9\tex/latex/base\size10.clo"
File: size10.clo 2019/12/20 v1.4l Standard LaTeX file (size option)
)
\c@part=\count167
\c@section=\count168
\c@subsection=\count169
\c@subsubsection=\count170
\c@paragraph=\count171
\c@subparagraph=\count172
\c@figure=\count173
\c@table=\count174
\abovecaptionskip=\skip47
\belowcaptionskip=\skip48
\bibindent=\dimen134
)
("C:\Users\reedb\AppData\Local\Programs\MiKTeX 2.9\tex/latex/amsmath\amsmath.st
y"
Package: amsmath 2020/01/20 v2.17e AMS math features
\@mathmargin=\skip49
For additional information on amsmath, use the `?' option.

("C:\Users\reedb\AppData\Local\Programs\MiKTeX 2.9\tex/latex/amsmath\amstext.st
y"
Package: amstext 2000/06/29 v2.01 AMS text
("C:\Users\reedb\AppData\Local\Programs\MiKTeX 2.9\tex/latex/amsmath\amsgen.sty
"
File: amsgen.sty 1999/11/30 v2.0 generic functions
\@emptytoks=\toks14
\ex@=\dimen135
)) ("C:\Users\reedb\AppData\Local\Programs\MiKTeX 2.9\tex/latex/amsmath\amsbsy.
sty"
Package: amsbsy 1999/11/29 v1.2d Bold Symbols
\pmbraise@=\dimen136
) ("C:\Users\reedb\AppData\Local\Programs\MiKTeX 2.9\tex/latex/amsmath\amsopn.s
ty"
Package: amsopn 2016/03/08 v2.02 operator names
)
\inf@bad=\count175
LaTeX Info: Redefining \frac on input line 227.
\uproot@=\count176
\leftroot@=\count177
LaTeX Info: Redefining \overline on input line 389.
\classnum@=\count178
\DOTSCASE@=\count179
LaTeX Info: Redefining \ldots on input line 486.
LaTeX Info: Redefining \dots on input line 489.
LaTeX Info: Redefining \cdots on input line 610.
\Mathstrutbox@=\box45
\strutbox@=\box46
\big@size=\dimen137
LaTeX Font Info:    Redeclaring font encoding OML on input line 733.
LaTeX Font Info:    Redeclaring font encoding OMS on input line 734.
\macc@depth=\count180
\c@MaxMatrixCols=\count181
\dotsspace@=\muskip16
\c@parentequation=\count182
\dspbrk@lvl=\count183
\tag@help=\toks15
\row@=\count184
\column@=\count185
\maxfields@=\count186
\andhelp@=\toks16
\eqnshift@=\dimen138
\alignsep@=\dimen139
\tagshift@=\dimen140
\tagwidth@=\dimen141
\totwidth@=\dimen142
\lineht@=\dimen143
\@envbody=\toks17
\multlinegap=\skip50
\multlinetaggap=\skip51
\mathdisplay@stack=\toks18
LaTeX Info: Redefining \[ on input line 2859.
LaTeX Info: Redefining \] on input line 2860.
)
("C:\Users\reedb\AppData\Local\Programs\MiKTeX 2.9\tex/latex/amsfonts\amssymb.s
ty"
Package: amssymb 2013/01/14 v3.01 AMS font symbols

("C:\Users\reedb\AppData\Local\Programs\MiKTeX 2.9\tex/latex/amsfonts\amsfonts.
sty"
Package: amsfonts 2013/01/14 v3.01 Basic AMSFonts support
\symAMSa=\mathgroup4
\symAMSb=\mathgroup5
LaTeX Font Info:    Redeclaring math symbol \hbar on input line 98.
LaTeX Font Info:    Overwriting math alphabet `\mathfrak' in version `bold'
(Font)                  U/euf/m/n --> U/euf/b/n on input line 106.
)) ("C:\Users\reedb\AppData\Local\Programs\MiKTeX 2.9\tex/latex/lm\lmodern.sty"
Package: lmodern 2009/10/30 v1.6 Latin Modern Fonts
LaTeX Font Info:    Overwriting symbol font `operators' in version `normal'
(Font)                  OT1/cmr/m/n --> OT1/lmr/m/n on input line 22.
LaTeX Font Info:    Overwriting symbol font `letters' in version `normal'
(Font)                  OML/cmm/m/it --> OML/lmm/m/it on input line 23.
LaTeX Font Info:    Overwriting symbol font `symbols' in version `normal'
(Font)                  OMS/cmsy/m/n --> OMS/lmsy/m/n on input line 24.
LaTeX Font Info:    Overwriting symbol font `largesymbols' in version `normal'
(Font)                  OMX/cmex/m/n --> OMX/lmex/m/n on input line 25.
LaTeX Font Info:    Overwriting symbol font `operators' in version `bold'
(Font)                  OT1/cmr/bx/n --> OT1/lmr/bx/n on input line 26.
LaTeX Font Info:    Overwriting symbol font `letters' in version `bold'
(Font)                  OML/cmm/b/it --> OML/lmm/b/it on input line 27.
LaTeX Font Info:    Overwriting symbol font `symbols' in version `bold'
(Font)                  OMS/cmsy/b/n --> OMS/lmsy/b/n on input line 28.
LaTeX Font Info:    Overwriting symbol font `largesymbols' in version `bold'
(Font)                  OMX/cmex/m/n --> OMX/lmex/m/n on input line 29.
LaTeX Font Info:    Overwriting math alphabet `\mathbf' in version `normal'
(Font)                  OT1/cmr/bx/n --> OT1/lmr/bx/n on input line 31.
LaTeX Font Info:    Overwriting math alphabet `\mathsf' in version `normal'
(Font)                  OT1/cmss/m/n --> OT1/lmss/m/n on input line 32.
LaTeX Font Info:    Overwriting math alphabet `\mathit' in version `normal'
(Font)                  OT1/cmr/m/it --> OT1/lmr/m/it on input line 33.
LaTeX Font Info:    Overwriting math alphabet `\mathtt' in version `normal'
(Font)                  OT1/cmtt/m/n --> OT1/lmtt/m/n on input line 34.
LaTeX Font Info:    Overwriting math alphabet `\mathbf' in version `bold'
(Font)                  OT1/cmr/bx/n --> OT1/lmr/bx/n on input line 35.
LaTeX Font Info:    Overwriting math alphabet `\mathsf' in version `bold'
(Font)                  OT1/cmss/bx/n --> OT1/lmss/bx/n on input line 36.
LaTeX Font Info:    Overwriting math alphabet `\mathit' in version `bold'
(Font)                  OT1/cmr/bx/it --> OT1/lmr/bx/it on input line 37.
LaTeX Font Info:    Overwriting math alphabet `\mathtt' in version `bold'
(Font)                  OT1/cmtt/m/n --> OT1/lmtt/m/n on input line 38.
) ("C:\Users\reedb\AppData\Local\Programs\MiKTeX 2.9\tex/generic/iftex\iftex.st
y"
Package: iftex 2019/11/07 v1.0c TeX engine tests
) ("C:\Users\reedb\AppData\Local\Programs\MiKTeX 2.9\tex/latex/base\fontenc.sty
"
Package: fontenc 2020/01/25 v2.0m Standard LaTeX package
LaTeX Font Info:    Trying to load font information for T1+lmr on input line 11
2.
("C:\Users\reedb\AppData\Local\Programs\MiKTeX 2.9\tex/latex/lm\t1lmr.fd"
File: t1lmr.fd 2009/10/30 v1.6 Font defs for Latin Modern
)) ("C:\Users\reedb\AppData\Local\Programs\MiKTeX 2.9\tex/latex/base\inputenc.s
ty"
Package: inputenc 2018/08/11 v1.3c Input encoding file
\inpenc@prehook=\toks19
\inpenc@posthook=\toks20
) ("C:\Users\reedb\AppData\Local\Programs\MiKTeX 2.9\tex/latex/base\textcomp.st
y"
Package: textcomp 2020/02/02 v2.0m Standard LaTeX package
)
("C:\Users\reedb\AppData\Local\Programs\MiKTeX 2.9\tex/latex/upquote\upquote.st
y"
Package: upquote 2012/04/19 v1.3 upright-quote and grave-accent glyphs in verba
tim
)
("C:\Users\reedb\AppData\Local\Programs\MiKTeX 2.9\tex/latex/microtype\microtyp
e.sty"
Package: microtype 2019/11/18 v2.7d Micro-typographical refinements (RS)

("C:\Users\reedb\AppData\Local\Programs\MiKTeX 2.9\tex/latex/graphics\keyval.st
y"
Package: keyval 2014/10/28 v1.15 key=value parser (DPC)
\KV@toks@=\toks21
)
\MT@toks=\toks22
\MT@count=\count187
LaTeX Info: Redefining \textls on input line 790.
\MT@outer@kern=\dimen144
LaTeX Info: Redefining \textmicrotypecontext on input line 1354.
\MT@listname@count=\count188

("C:\Users\reedb\AppData\Local\Programs\MiKTeX 2.9\tex/latex/microtype\microtyp
e-pdftex.def"
File: microtype-pdftex.def 2019/11/18 v2.7d Definitions specific to pdftex (RS)

LaTeX Info: Redefining \lsstyle on input line 914.
LaTeX Info: Redefining \lslig on input line 914.
\MT@outer@space=\skip52
)
Package microtype Info: Loading configuration file microtype.cfg.

("C:\Users\reedb\AppData\Local\Programs\MiKTeX 2.9\tex/latex/microtype\microtyp
e.cfg"
File: microtype.cfg 2019/11/18 v2.7d microtype main configuration file (RS)
))
("C:\Users\reedb\AppData\Local\Programs\MiKTeX 2.9\tex/latex/parskip\parskip.st
y"
Package: parskip 2020-01-22 v2.0d non-zero parskip adjustments

("C:\Users\reedb\AppData\Local\Programs\MiKTeX 2.9\tex/latex/kvoptions\kvoption
s.sty"
Package: kvoptions 2019/11/29 v3.13 Key value format for package options (HO)

("C:\Users\reedb\AppData\Local\Programs\MiKTeX 2.9\tex/generic/ltxcmds\ltxcmds.
sty"
Package: ltxcmds 2019/12/15 v1.24 LaTeX kernel commands for general use (HO)
)
("C:\Users\reedb\AppData\Local\Programs\MiKTeX 2.9\tex/generic/kvsetkeys\kvsetk
eys.sty"
Package: kvsetkeys 2019/12/15 v1.18 Key value parser (HO)
))
("C:\Users\reedb\AppData\Local\Programs\MiKTeX 2.9\tex/latex/etoolbox\etoolbox.
sty"
Package: etoolbox 2019/09/21 v2.5h e-TeX tools for LaTeX (JAW)
\etb@tempcnta=\count189
)) ("C:\Users\reedb\AppData\Local\Programs\MiKTeX 2.9\tex/latex/xcolor\xcolor.s
ty"
Package: xcolor 2016/05/11 v2.12 LaTeX color extensions (UK)

("C:\Users\reedb\AppData\Local\Programs\MiKTeX 2.9\tex/latex/graphics-cfg\color
.cfg"
File: color.cfg 2016/01/02 v1.6 sample color configuration
)
Package xcolor Info: Driver file: pdftex.def on input line 225.

("C:\Users\reedb\AppData\Local\Programs\MiKTeX 2.9\tex/latex/graphics-def\pdfte
x.def"
File: pdftex.def 2018/01/08 v1.0l Graphics/color driver for pdftex
)
Package xcolor Info: Model `cmy' substituted by `cmy0' on input line 1348.
Package xcolor Info: Model `hsb' substituted by `rgb' on input line 1352.
Package xcolor Info: Model `RGB' extended on input line 1364.
Package xcolor Info: Model `HTML' substituted by `rgb' on input line 1366.
Package xcolor Info: Model `Hsb' substituted by `hsb' on input line 1367.
Package xcolor Info: Model `tHsb' substituted by `hsb' on input line 1368.
Package xcolor Info: Model `HSB' substituted by `hsb' on input line 1369.
Package xcolor Info: Model `Gray' substituted by `gray' on input line 1370.
Package xcolor Info: Model `wave' substituted by `hsb' on input line 1371.
) ("C:\Users\reedb\AppData\Local\Programs\MiKTeX 2.9\tex/latex/xurl\xurl.sty"
Package: xurl 2020/01/24 v 0.09 modify URL breaks
("C:\Users\reedb\AppData\Local\Programs\MiKTeX 2.9\tex/latex/url\url.sty"
\Urlmuskip=\muskip17
Package: url 2013/09/16  ver 3.4  Verb mode for urls, etc.
))
("C:\Users\reedb\AppData\Local\Programs\MiKTeX 2.9\tex/latex/bookmark\bookmark.
sty"
Package: bookmark 2019/12/03 v1.28 PDF bookmarks (HO)

("C:\Users\reedb\AppData\Local\Programs\MiKTeX 2.9\tex/latex/hyperref\hyperref.
sty"
Package: hyperref 2020/01/14 v7.00d Hypertext links for LaTeX

("C:\Users\reedb\AppData\Local\Programs\MiKTeX 2.9\tex/latex/pdftexcmds\pdftexc
mds.sty"
Package: pdftexcmds 2019/11/24 v0.31 Utility functions of pdfTeX for LuaTeX (HO
)

("C:\Users\reedb\AppData\Local\Programs\MiKTeX 2.9\tex/generic/infwarerr\infwar
err.sty"
Package: infwarerr 2019/12/03 v1.5 Providing info/warning/error messages (HO)
)
Package pdftexcmds Info: \pdf@primitive is available.
Package pdftexcmds Info: \pdf@ifprimitive is available.
Package pdftexcmds Info: \pdfdraftmode found.
)
("C:\Users\reedb\AppData\Local\Programs\MiKTeX 2.9\tex/generic/kvdefinekeys\kvd
efinekeys.sty"
Package: kvdefinekeys 2019-12-19 v1.6 Define keys (HO)
)
("C:\Users\reedb\AppData\Local\Programs\MiKTeX 2.9\tex/generic/pdfescape\pdfesc
ape.sty"
Package: pdfescape 2019/12/09 v1.15 Implements pdfTeX's escape features (HO)
)
("C:\Users\reedb\AppData\Local\Programs\MiKTeX 2.9\tex/latex/hycolor\hycolor.st
y"
Package: hycolor 2020-01-27 v1.10 Color options for hyperref/bookmark (HO)
)
("C:\Users\reedb\AppData\Local\Programs\MiKTeX 2.9\tex/latex/letltxmacro\letltx
macro.sty"
Package: letltxmacro 2019/12/03 v1.6 Let assignment for LaTeX macros (HO)
)
("C:\Users\reedb\AppData\Local\Programs\MiKTeX 2.9\tex/latex/auxhook\auxhook.st
y"
Package: auxhook 2019-12-17 v1.6 Hooks for auxiliary files (HO)
)
\@linkdim=\dimen145
\Hy@linkcounter=\count190
\Hy@pagecounter=\count191

("C:\Users\reedb\AppData\Local\Programs\MiKTeX 2.9\tex/latex/hyperref\pd1enc.de
f"
File: pd1enc.def 2020/01/14 v7.00d Hyperref: PDFDocEncoding definition (HO)
Now handling font encoding PD1 ...
... no UTF-8 mapping file for font encoding PD1
)
("C:\Users\reedb\AppData\Local\Programs\MiKTeX 2.9\tex/generic/intcalc\intcalc.
sty"
Package: intcalc 2019/12/15 v1.3 Expandable calculations with integers (HO)
)
("C:\Users\reedb\AppData\Local\Programs\MiKTeX 2.9\tex/generic/etexcmds\etexcmd
s.sty"
Package: etexcmds 2019/12/15 v1.7 Avoid name clashes with e-TeX commands (HO)
)
\Hy@SavedSpaceFactor=\count192
\pdfmajorversion=\count193
Package hyperref Info: Option `unicode' set `true' on input line 4421.
("C:\Users\reedb\AppData\Local\Programs\MiKTeX 2.9\tex/latex/hyperref\puenc.def
"
File: puenc.def 2020/01/14 v7.00d Hyperref: PDF Unicode definition (HO)
Now handling font encoding PU ...
... no UTF-8 mapping file for font encoding PU
)
Package hyperref Info: Hyper figures OFF on input line 4547.
Package hyperref Info: Link nesting OFF on input line 4552.
Package hyperref Info: Hyper index ON on input line 4555.
Package hyperref Info: Plain pages OFF on input line 4562.
Package hyperref Info: Backreferencing OFF on input line 4567.
Package hyperref Info: Implicit mode ON; LaTeX internals redefined.
Package hyperref Info: Bookmarks ON on input line 4800.
\c@Hy@tempcnt=\count194
LaTeX Info: Redefining \url on input line 5159.
\XeTeXLinkMargin=\dimen146

("C:\Users\reedb\AppData\Local\Programs\MiKTeX 2.9\tex/generic/bitset\bitset.st
y"
Package: bitset 2019/12/09 v1.3 Handle bit-vector datatype (HO)

("C:\Users\reedb\AppData\Local\Programs\MiKTeX 2.9\tex/generic/bigintcalc\bigin
tcalc.sty"
Package: bigintcalc 2019/12/15 v1.5 Expandable calculations on big integers (HO
)
))
\Fld@menulength=\count195
\Field@Width=\dimen147
\Fld@charsize=\dimen148
Package hyperref Info: Hyper figures OFF on input line 6430.
Package hyperref Info: Link nesting OFF on input line 6435.
Package hyperref Info: Hyper index ON on input line 6438.
Package hyperref Info: backreferencing OFF on input line 6445.
Package hyperref Info: Link coloring OFF on input line 6450.
Package hyperref Info: Link coloring with OCG OFF on input line 6455.
Package hyperref Info: PDF/A mode OFF on input line 6460.
LaTeX Info: Redefining \ref on input line 6500.
LaTeX Info: Redefining \pageref on input line 6504.

("C:\Users\reedb\AppData\Local\Programs\MiKTeX 2.9\tex/generic/atbegshi\atbegsh
i.sty"
Package: atbegshi 2019/12/05 v1.19 At begin shipout hook (HO)
)
\Hy@abspage=\count196
\c@Item=\count197
\c@Hfootnote=\count198
)
Package hyperref Info: Driver (autodetected): hpdftex.

("C:\Users\reedb\AppData\Local\Programs\MiKTeX 2.9\tex/latex/hyperref\hpdftex.d
ef"
File: hpdftex.def 2020/01/14 v7.00d Hyperref driver for pdfTeX

("C:\Users\reedb\AppData\Local\Programs\MiKTeX 2.9\tex/latex/atveryend\atveryen
d.sty"
Package: atveryend 2019-12-11 v1.11 Hooks at the very end of document (HO)
)
\Fld@listcount=\count199
\c@bookmark@seq@number=\count266

("C:\Users\reedb\AppData\Local\Programs\MiKTeX 2.9\tex/latex/rerunfilecheck\rer
unfilecheck.sty"
Package: rerunfilecheck 2019/12/05 v1.9 Rerun checks for auxiliary files (HO)

("C:\Users\reedb\AppData\Local\Programs\MiKTeX 2.9\tex/generic/uniquecounter\un
iquecounter.sty"
Package: uniquecounter 2019/12/15 v1.4 Provide unlimited unique counter (HO)
)
Package uniquecounter Info: New unique counter `rerunfilecheck' on input line 2
86.
)
\Hy@SectionHShift=\skip53
)
("C:\Users\reedb\AppData\Local\Programs\MiKTeX 2.9\tex/latex/bookmark\bkm-pdfte
x.def"
File: bkm-pdftex.def 2019/12/03 v1.28 bookmark driver for pdfTeX (HO)
\BKM@id=\count267
))
("C:\Users\reedb\AppData\Local\Programs\MiKTeX 2.9\tex/latex/geometry\geometry.
sty"
Package: geometry 2020/01/02 v5.9 Page Geometry
("C:\Users\reedb\AppData\Local\Programs\MiKTeX 2.9\tex/generic/iftex\ifvtex.sty
"
Package: ifvtex 2019/10/25 v1.7 ifvtex legacy package. Use iftex instead.
)
\Gm@cnth=\count268
\Gm@cntv=\count269
\c@Gm@tempcnt=\count270
\Gm@bindingoffset=\dimen149
\Gm@wd@mp=\dimen150
\Gm@odd@mp=\dimen151
\Gm@even@mp=\dimen152
\Gm@layoutwidth=\dimen153
\Gm@layoutheight=\dimen154
\Gm@layouthoffset=\dimen155
\Gm@layoutvoffset=\dimen156
\Gm@dimlist=\toks23

("C:\Users\reedb\AppData\Local\Programs\MiKTeX 2.9\tex/latex/geometry\geometry.
cfg"))
("C:\Users\reedb\AppData\Local\Programs\MiKTeX 2.9\tex/latex/fancyvrb\fancyvrb.
sty"
Package: fancyvrb 2020/01/13 v3.5 verbatim text (tvz,hv)
\FV@CodeLineNo=\count271
\FV@InFile=\read2
\FV@TabBox=\box47
\c@FancyVerbLine=\count272
\FV@StepNumber=\count273
\FV@OutFile=\write3
) ("C:\Users\reedb\AppData\Local\Programs\MiKTeX 2.9\tex/latex/framed\framed.st
y"
Package: framed 2011/10/22 v 0.96: framed or shaded text with page breaks
\OuterFrameSep=\skip54
\fb@frw=\dimen157
\fb@frh=\dimen158
\FrameRule=\dimen159
\FrameSep=\dimen160
)
("C:\Users\reedb\AppData\Local\Programs\MiKTeX 2.9\tex/latex/tools\longtable.st
y"
Package: longtable 2020/01/07 v4.13 Multi-page Table package (DPC)
\LTleft=\skip55
\LTright=\skip56
\LTpre=\skip57
\LTpost=\skip58
\LTchunksize=\count274
\LTcapwidth=\dimen161
\LT@head=\box48
\LT@firsthead=\box49
\LT@foot=\box50
\LT@lastfoot=\box51
\LT@cols=\count275
\LT@rows=\count276
\c@LT@tables=\count277
\c@LT@chunks=\count278
\LT@p@ftn=\toks24
)
("C:\Users\reedb\AppData\Local\Programs\MiKTeX 2.9\tex/latex/booktabs\booktabs.
sty"
Package: booktabs 2020/01/12 v1.61803398 Publication quality tables
\heavyrulewidth=\dimen162
\lightrulewidth=\dimen163
\cmidrulewidth=\dimen164
\belowrulesep=\dimen165
\belowbottomsep=\dimen166
\aboverulesep=\dimen167
\abovetopsep=\dimen168
\cmidrulesep=\dimen169
\cmidrulekern=\dimen170
\defaultaddspace=\dimen171
\@cmidla=\count279
\@cmidlb=\count280
\@aboverulesep=\dimen172
\@belowrulesep=\dimen173
\@thisruleclass=\count281
\@lastruleclass=\count282
\@thisrulewidth=\dimen174
) ("C:\Users\reedb\AppData\Local\Programs\MiKTeX 2.9\tex/latex/tools\array.sty"
Package: array 2019/08/31 v2.4l Tabular extension package (FMi)
\col@sep=\dimen175
\ar@mcellbox=\box52
\extrarowheight=\dimen176
\NC@list=\toks25
\extratabsurround=\skip59
\backup@length=\skip60
\ar@cellbox=\box53
) ("C:\Users\reedb\AppData\Local\Programs\MiKTeX 2.9\tex/latex/tools\calc.sty"
Package: calc 2017/05/25 v4.3 Infix arithmetic (KKT,FJ)
\calc@Acount=\count283
\calc@Bcount=\count284
\calc@Adimen=\dimen177
\calc@Bdimen=\dimen178
\calc@Askip=\skip61
\calc@Bskip=\skip62
LaTeX Info: Redefining \setlength on input line 80.
LaTeX Info: Redefining \addtolength on input line 81.
\calc@Ccount=\count285
\calc@Cskip=\skip63
)
("C:\Users\reedb\AppData\Local\Programs\MiKTeX 2.9\tex/latex/footnotehyper\foot
notehyper.sty"
Package: footnotehyper 2019/11/07 v1.1a hyperref aware footnote.sty (JFB)
\FNH@notes=\box54
\FNH@width=\dimen179
)
("C:\Users\reedb\AppData\Local\Programs\MiKTeX 2.9\tex/latex/graphics\graphicx.
sty"
Package: graphicx 2019/11/30 v1.2a Enhanced LaTeX Graphics (DPC,SPQR)

("C:\Users\reedb\AppData\Local\Programs\MiKTeX 2.9\tex/latex/graphics\graphics.
sty"
Package: graphics 2019/11/30 v1.4a Standard LaTeX Graphics (DPC,SPQR)
("C:\Users\reedb\AppData\Local\Programs\MiKTeX 2.9\tex/latex/graphics\trig.sty"
Package: trig 2016/01/03 v1.10 sin cos tan (DPC)
)
("C:\Users\reedb\AppData\Local\Programs\MiKTeX 2.9\tex/latex/graphics-cfg\graph
ics.cfg"
File: graphics.cfg 2016/06/04 v1.11 sample graphics configuration
)
Package graphics Info: Driver file: pdftex.def on input line 105.
)
\Gin@req@height=\dimen180
\Gin@req@width=\dimen181
) ("C:\Users\reedb\AppData\Local\Programs\MiKTeX 2.9\tex/latex/float\float.sty"
Package: float 2001/11/08 v1.3d Float enhancements (AL)
\c@float@type=\count286
\float@exts=\toks26
\float@box=\box55
\@float@everytoks=\toks27
\@floatcapt=\box56
)
("C:\Users\reedb\AppData\Local\Programs\MiKTeX 2.9\tex/latex/l3backend\l3backen
d-pdfmode.def"
File: l3backend-pdfmode.def 2019-04-06 L3 backend support: PDF mode
\l__kernel_color_stack_int=\count287
\l__pdf_internal_box=\box57
) (SDS_Day_1.aux)
\openout1 = `SDS_Day_1.aux'.

LaTeX Font Info:    Checking defaults for OML/cmm/m/it on input line 128.
LaTeX Font Info:    ... okay on input line 128.
LaTeX Font Info:    Checking defaults for OMS/cmsy/m/n on input line 128.
LaTeX Font Info:    ... okay on input line 128.
LaTeX Font Info:    Checking defaults for OT1/cmr/m/n on input line 128.
LaTeX Font Info:    ... okay on input line 128.
LaTeX Font Info:    Checking defaults for T1/cmr/m/n on input line 128.
LaTeX Font Info:    ... okay on input line 128.
LaTeX Font Info:    Checking defaults for TS1/cmr/m/n on input line 128.
LaTeX Font Info:    ... okay on input line 128.
LaTeX Font Info:    Checking defaults for OMX/cmex/m/n on input line 128.
LaTeX Font Info:    ... okay on input line 128.
LaTeX Font Info:    Checking defaults for U/cmr/m/n on input line 128.
LaTeX Font Info:    ... okay on input line 128.
LaTeX Font Info:    Checking defaults for PD1/pdf/m/n on input line 128.
LaTeX Font Info:    ... okay on input line 128.
LaTeX Font Info:    Checking defaults for PU/pdf/m/n on input line 128.
LaTeX Font Info:    ... okay on input line 128.
LaTeX Info: Redefining \microtypecontext on input line 128.
Package microtype Info: Generating PDF output.
Package microtype Info: Character protrusion enabled (level 2).
Package microtype Info: Using protrusion set `basicmath'.
Package microtype Info: Automatic font expansion enabled (level 2),
(microtype)             stretch: 20, shrink: 20, step: 1, non-selected.
Package microtype Info: Using default expansion set `basictext'.
LaTeX Info: Redefining \showhyphens on input line 128.
Package microtype Info: No adjustment of tracking.
Package microtype Info: No adjustment of interword spacing.
Package microtype Info: No adjustment of character kerning.

("C:\Users\reedb\AppData\Local\Programs\MiKTeX 2.9\tex/latex/microtype\mt-cmr.c
fg"
File: mt-cmr.cfg 2013/05/19 v2.2 microtype config. file: Computer Modern Roman 
(RS)
)
("C:\Users\reedb\AppData\Local\Programs\MiKTeX 2.9\tex/context/base/mkii\supp-p
df.mkii"
[Loading MPS to PDF converter (version 2006.09.02).]
\scratchcounter=\count288
\scratchdimen=\dimen182
\scratchbox=\box58
\nofMPsegments=\count289
\nofMParguments=\count290
\everyMPshowfont=\toks28
\MPscratchCnt=\count291
\MPscratchDim=\dimen183
\MPnumerator=\count292
\makeMPintoPDFobject=\count293
\everyMPtoPDFconversion=\toks29
)
("C:\Users\reedb\AppData\Local\Programs\MiKTeX 2.9\tex/latex/epstopdf-pkg\epsto
pdf-base.sty"
Package: epstopdf-base 2020-01-24 v2.11 Base part for package epstopdf
Package epstopdf-base Info: Redefining graphics rule for `.eps' on input line 4
85.
)
\AtBeginShipoutBox=\box59
Package hyperref Info: Link coloring OFF on input line 128.

("C:\Users\reedb\AppData\Local\Programs\MiKTeX 2.9\tex/latex/hyperref\nameref.s
ty"
Package: nameref 2019/09/16 v2.46 Cross-referencing by name of section

("C:\Users\reedb\AppData\Local\Programs\MiKTeX 2.9\tex/latex/refcount\refcount.
sty"
Package: refcount 2019/12/15 v3.6 Data extraction from label references (HO)
)
("C:\Users\reedb\AppData\Local\Programs\MiKTeX 2.9\tex/generic/gettitlestring\g
ettitlestring.sty"
Package: gettitlestring 2019/12/15 v1.6 Cleanup title references (HO)
)
\c@section@level=\count294
)
LaTeX Info: Redefining \ref on input line 128.
LaTeX Info: Redefining \pageref on input line 128.
LaTeX Info: Redefining \nameref on input line 128.
*geometry* driver: auto-detecting
*geometry* detected driver: pdftex
*geometry* verbose mode - [ preamble ] result:
* driver: pdftex
* paper: <default>
* layout: <same size as paper>
* layoutoffset:(h,v)=(0.0pt,0.0pt)
* modes: 
* h-part:(L,W,R)=(72.26999pt, 469.75502pt, 72.26999pt)
* v-part:(T,H,B)=(72.26999pt, 650.43001pt, 72.26999pt)
* \paperwidth=614.295pt
* \paperheight=794.96999pt
* \textwidth=469.75502pt
* \textheight=650.43001pt
* \oddsidemargin=0.0pt
* \evensidemargin=0.0pt
* \topmargin=-37.0pt
* \headheight=12.0pt
* \headsep=25.0pt
* \topskip=10.0pt
* \footskip=30.0pt
* \marginparwidth=65.0pt
* \marginparsep=11.0pt
* \columnsep=10.0pt
* \skip\footins=9.0pt plus 4.0pt minus 2.0pt
* \hoffset=0.0pt
* \voffset=0.0pt
* \mag=1000
* \@twocolumnfalse
* \@twosidefalse
* \@mparswitchfalse
* \@reversemarginfalse
* (1in=72.27pt=25.4mm, 1cm=28.453pt)

LaTeX Font Info:    Trying to load font information for OT1+lmr on input line 1
30.
("C:\Users\reedb\AppData\Local\Programs\MiKTeX 2.9\tex/latex/lm\ot1lmr.fd"
File: ot1lmr.fd 2009/10/30 v1.6 Font defs for Latin Modern
)
LaTeX Font Info:    Trying to load font information for OML+lmm on input line 1
30.
("C:\Users\reedb\AppData\Local\Programs\MiKTeX 2.9\tex/latex/lm\omllmm.fd"
File: omllmm.fd 2009/10/30 v1.6 Font defs for Latin Modern
)
LaTeX Font Info:    Trying to load font information for OMS+lmsy on input line 
130.
("C:\Users\reedb\AppData\Local\Programs\MiKTeX 2.9\tex/latex/lm\omslmsy.fd"
File: omslmsy.fd 2009/10/30 v1.6 Font defs for Latin Modern
)
LaTeX Font Info:    Trying to load font information for OMX+lmex on input line 
130.
("C:\Users\reedb\AppData\Local\Programs\MiKTeX 2.9\tex/latex/lm\omxlmex.fd"
File: omxlmex.fd 2009/10/30 v1.6 Font defs for Latin Modern
)
LaTeX Font Info:    External font `lmex10' loaded for size
(Font)              <12> on input line 130.
LaTeX Font Info:    External font `lmex10' loaded for size
(Font)              <8> on input line 130.
LaTeX Font Info:    External font `lmex10' loaded for size
(Font)              <6> on input line 130.
LaTeX Font Info:    Trying to load font information for U+msa on input line 130
.
("C:\Users\reedb\AppData\Local\Programs\MiKTeX 2.9\tex/latex/amsfonts\umsa.fd"
File: umsa.fd 2013/01/14 v3.01 AMS symbols A
)
("C:\Users\reedb\AppData\Local\Programs\MiKTeX 2.9\tex/latex/microtype\mt-msa.c
fg"
File: mt-msa.cfg 2006/02/04 v1.1 microtype config. file: AMS symbols (a) (RS)
)
LaTeX Font Info:    Trying to load font information for U+msb on input line 130
.
("C:\Users\reedb\AppData\Local\Programs\MiKTeX 2.9\tex/latex/amsfonts\umsb.fd"
File: umsb.fd 2013/01/14 v3.01 AMS symbols B
)
("C:\Users\reedb\AppData\Local\Programs\MiKTeX 2.9\tex/latex/microtype\mt-msb.c
fg"
File: mt-msb.cfg 2005/06/01 v1.0 microtype config. file: AMS symbols (b) (RS)
) (SDS_Day_1.toc
LaTeX Font Info:    External font `lmex10' loaded for size
(Font)              <10> on input line 2.
LaTeX Font Info:    External font `lmex10' loaded for size
(Font)              <7> on input line 2.
LaTeX Font Info:    External font `lmex10' loaded for size
(Font)              <5> on input line 2.
[1

{C:/Users/reedb/AppData/Local/MiKTeX/2.9/pdftex/config/pdftex.map}])
\tf@toc=\write4
\openout4 = `SDS_Day_1.toc'.

(SDS_Day_1.lof)
\tf@lof=\write5
\openout5 = `SDS_Day_1.lof'.

(SDS_Day_1.lot)
\tf@lot=\write6
\openout6 = `SDS_Day_1.lot'.

[2]
LaTeX Font Info:    Trying to load font information for TS1+lmr on input line 1
81.
("C:\Users\reedb\AppData\Local\Programs\MiKTeX 2.9\tex/latex/lm\ts1lmr.fd"
File: ts1lmr.fd 2009/10/30 v1.6 Font defs for Latin Modern
)
<./pictures/USGS_GIS_Anne_Sexton.jpg, id=161, 280.04625pt x 403.5075pt>
File: ./pictures/USGS_GIS_Anne_Sexton.jpg Graphic file (type jpg)
<use ./pictures/USGS_GIS_Anne_Sexton.jpg>
Package pdftex.def Info: ./pictures/USGS_GIS_Anne_Sexton.jpg  used on input lin
e 197.
(pdftex.def)             Requested size: 164.42249pt x 236.90984pt.
[3]
<./pictures/John_Snow_Cholera_by_National_Geographic.jpg, id=171, 993.7125pt x 
745.78625pt>
File: ./pictures/John_Snow_Cholera_by_National_Geographic.jpg Graphic file (typ
e jpg)
<use ./pictures/John_Snow_Cholera_by_National_Geographic.jpg>
Package pdftex.def Info: ./pictures/John_Snow_Cholera_by_National_Geographic.jp
g  used on input line 229.
(pdftex.def)             Requested size: 164.41037pt x 123.39081pt.
[4pdfTeX warning (ext4): destination with the same identifier (name{figure.1}) 
has been already used, duplicate ignored

\AtBegShi@Output ...ipout \box \AtBeginShipoutBox 
                                                  \fi \fi 
l.246 \end{itemize}
                   pdfTeX warning (ext4): destination with the same identifier 
(name{figure.2}) has been already used, duplicate ignored

\AtBegShi@Output ...ipout \box \AtBeginShipoutBox 
                                                  \fi \fi 
l.246 \end{itemize}
                    <./pictures/USGS_GIS_Anne_Sexton.jpg> <./pictures/John_Snow
_Cholera_by_National_Geographic.jpg>] [5]
<./pictures/NASA_Blue-Marble_2012_Suomi_NPP.jpg, id=187, 1027.84pt x 1027.84pt>

File: ./pictures/NASA_Blue-Marble_2012_Suomi_NPP.jpg Graphic file (type jpg)
<use ./pictures/NASA_Blue-Marble_2012_Suomi_NPP.jpg>
Package pdftex.def Info: ./pictures/NASA_Blue-Marble_2012_Suomi_NPP.jpg  used o
n input line 361.
(pdftex.def)             Requested size: 164.4107pt x 164.4107pt.
<./pictures/Spheroids.png, id=188, 531.48563pt x 316.93407pt>
File: ./pictures/Spheroids.png Graphic file (type png)
<use ./pictures/Spheroids.png>
Package pdftex.def Info: ./pictures/Spheroids.png  used on input line 393.
(pdftex.def)             Requested size: 234.88434pt x 140.06558pt.
[6pdfTeX warning (ext4): destination with the same identifier (name{figure.3}) 
has been already used, duplicate ignored

\AtBegShi@Output ...ipout \box \AtBeginShipoutBox 
                                                  \fi \fi 
l.409   I
         nclude gravity, excluding winds and tidespdfTeX warning (ext4): destin
ation with the same identifier (name{figure.4}) has been already used, duplicat
e ignored

\AtBegShi@Output ...ipout \box \AtBeginShipoutBox 
                                                  \fi \fi 
l.409   I
         nclude gravity, excluding winds and tides <./pictures/NASA_Blue-Marble
_2012_Suomi_NPP.jpg> <./pictures/Spheroids.png>]
<./pictures/geoid_cross_section.png, id=197, 478.1865pt x 446.8695pt>
File: ./pictures/geoid_cross_section.png Graphic file (type png)
<use ./pictures/geoid_cross_section.png>
Package pdftex.def Info: ./pictures/geoid_cross_section.png  used on input line
 424.
(pdftex.def)             Requested size: 164.41997pt x 153.65192pt.
<./pictures/Geoid_undulation_10k_ICGEM.jpg, id=198, 803.0pt x 803.0pt>
File: ./pictures/Geoid_undulation_10k_ICGEM.jpg Graphic file (type jpg)
<use ./pictures/Geoid_undulation_10k_ICGEM.jpg>
Package pdftex.def Info: ./pictures/Geoid_undulation_10k_ICGEM.jpg  used on inp
ut line 424.
(pdftex.def)             Requested size: 164.40776pt x 164.40776pt.
<./pictures/Number_One_City_Datum_Cosmo1976.jpg, id=202, 1284.8pt x 788.9475pt>

File: ./pictures/Number_One_City_Datum_Cosmo1976.jpg Graphic file (type jpg)
<use ./pictures/Number_One_City_Datum_Cosmo1976.jpg>
Package pdftex.def Info: ./pictures/Number_One_City_Datum_Cosmo1976.jpg  used o
n input line 472.
(pdftex.def)             Requested size: 234.86124pt x 144.21947pt.
[7pdfTeX warning (ext4): destination with the same identifier (name{figure.5}) 
has been already used, duplicate ignored

\AtBegShi@Output ...ipout \box \AtBeginShipoutBox 
                                                  \fi \fi 
l.478 
       <./pictures/geoid_cross_section.png> <./pictures/Geoid_undulation_10k_IC
GEM.jpg>]
<SDS_Day_1_files/figure-latex/Map of Chicago Datum-1.pdf, id=209, 469.755pt x 3
25.215pt>
File: SDS_Day_1_files/figure-latex/Map of Chicago Datum-1.pdf Graphic file (typ
e pdf)
<use SDS_Day_1_files/figure-latex/Map of Chicago Datum-1.pdf>
Package pdftex.def Info: SDS_Day_1_files/figure-latex/Map of Chicago Datum-1.pd
f  used on input line 485.
(pdftex.def)             Requested size: 352.31538pt x 243.91064pt.
[8pdfTeX warning (ext4): destination with the same identifier (name{figure.6}) 
has been already used, duplicate ignored

\AtBegShi@Output ...ipout \box \AtBeginShipoutBox 
                                                  \fi \fi 
l.513 
      pdfTeX warning (ext4): destination with the same identifier (name{figure.
7}) has been already used, duplicate ignored

\AtBegShi@Output ...ipout \box \AtBeginShipoutBox 
                                                  \fi \fi 
l.513 
       <./pictures/Number_One_City_Datum_Cosmo1976.jpg> <./SDS_Day_1_files/figu
re-latex/Map of Chicago Datum-1.pdf>]
<pictures/Geodetic_Coordinates1_Peter_Mercator.png, id=225, 589.0005pt x 520.34
4pt>
File: pictures/Geodetic_Coordinates1_Peter_Mercator.png Graphic file (type png)

<use pictures/Geodetic_Coordinates1_Peter_Mercator.png>
Package pdftex.def Info: pictures/Geodetic_Coordinates1_Peter_Mercator.png  use
d on input line 531.
(pdftex.def)             Requested size: 117.4385pt x 103.74936pt.
<pictures/geodetic_coordinates_Peter_Mercator.png, id=226, 619.113pt x 557.6835
pt>
File: pictures/geodetic_coordinates_Peter_Mercator.png Graphic file (type png)
<use pictures/geodetic_coordinates_Peter_Mercator.png>
Package pdftex.def Info: pictures/geodetic_coordinates_Peter_Mercator.png  used
 on input line 531.
(pdftex.def)             Requested size: 117.43431pt x 105.78226pt.

LaTeX Warning: Command \textdegree invalid in math mode on input line 587.


LaTeX Warning: Command \textdegree invalid in math mode on input line 587.

<SDS_Day_1_files/figure-latex/UTM Zones of the Continental USA-1.pdf, id=228, 4
69.755pt x 325.215pt>
File: SDS_Day_1_files/figure-latex/UTM Zones of the Continental USA-1.pdf Graph
ic file (type pdf)
<use SDS_Day_1_files/figure-latex/UTM Zones of the Continental USA-1.pdf>
Package pdftex.def Info: SDS_Day_1_files/figure-latex/UTM Zones of the Continen
tal USA-1.pdf  used on input line 618.
(pdftex.def)             Requested size: 469.75386pt x 325.2142pt.
[9pdfTeX warning (ext4): destination with the same identifier (name{figure.8}) 
has been already used, duplicate ignored

\AtBegShi@Output ...ipout \box \AtBeginShipoutBox 
                                                  \fi \fi 
l.623 \end{figure}
                   <./pictures/Geodetic_Coordinates1_Peter_Mercator.png> <./pic
tures/geodetic_coordinates_Peter_Mercator.png>]
<pictures/Geographic_Coordinate_Reference_System.jpg, id=238, 297.36093pt x 248
.42813pt>
File: pictures/Geographic_Coordinate_Reference_System.jpg Graphic file (type jp
g)
<use pictures/Geographic_Coordinate_Reference_System.jpg>
Package pdftex.def Info: pictures/Geographic_Coordinate_Reference_System.jpg  u
sed on input line 649.
(pdftex.def)             Requested size: 187.89647pt x 156.9768pt.
[10pdfTeX warning (ext4): destination with the same identifier (name{figure.9})
 has been already used, duplicate ignored

\AtBegShi@Output ...ipout \box \AtBeginShipoutBox 
                                                  \fi \fi 
l.655 
       <./SDS_Day_1_files/figure-latex/UTM Zones of the Continental USA-1.pdf>]
<pictures/Orange_peel_Nathan_Belz.png, id=250, 1606.0pt x 889.3225pt>
File: pictures/Orange_peel_Nathan_Belz.png Graphic file (type png)
<use pictures/Orange_peel_Nathan_Belz.png>
Package pdftex.def Info: pictures/Orange_peel_Nathan_Belz.png  used on input li
ne 665.
(pdftex.def)             Requested size: 234.86124pt x 130.0544pt.
[11pdfTeX warning (ext4): destination with the same identifier (name{figure.10}
) has been already used, duplicate ignored

\AtBegShi@Output ...ipout \box \AtBeginShipoutBox 
                                                  \fi \fi 
l.720     P
           ro: No distortion of area near equator (here)pdfTeX warning (ext4): 
destination with the same identifier (name{figure.11}) has been already used, d
uplicate ignored

\AtBegShi@Output ...ipout \box \AtBeginShipoutBox 
                                                  \fi \fi 
l.720     P
           ro: No distortion of area near equator (here) <./pictures/Geographic
_Coordinate_Reference_System.jpg> <./pictures/Orange_peel_Nathan_Belz.png>]
<./pictures/Projection_Maps.png, id=260, 1156.32pt x 650.43pt>
File: ./pictures/Projection_Maps.png Graphic file (type png)
<use ./pictures/Projection_Maps.png>
Package pdftex.def Info: ./pictures/Projection_Maps.png  used on input line 758
.
(pdftex.def)             Requested size: 352.31538pt x 198.1774pt.
<./pictures/vector_raster.png, id=261, 1156.32pt x 650.43pt>
File: ./pictures/vector_raster.png Graphic file (type png)
<use ./pictures/vector_raster.png>
Package pdftex.def Info: ./pictures/vector_raster.png  used on input line 813.
(pdftex.def)             Requested size: 399.2837pt x 224.59708pt.
[12pdfTeX warning (ext4): destination with the same identifier (name{figure.12}
) has been already used, duplicate ignored

\AtBegShi@Output ...ipout \box \AtBeginShipoutBox 
                                                  \fi \fi 
l.819 
       <./pictures/Projection_Maps.png>]
LaTeX Font Info:    Trying to load font information for T1+lmtt on input line 8
32.
("C:\Users\reedb\AppData\Local\Programs\MiKTeX 2.9\tex/latex/lm\t1lmtt.fd"
File: t1lmtt.fd 2009/10/30 v1.6 Font defs for Latin Modern
)
Overfull \hbox (233.74294pt too wide) in paragraph at lines 834--834
[]\T1/lmtt/m/n/10 When the values in raster cells are stored as integers as opp
osed to floats (with decimal points) they take up only 0.5 as many bytes.[] 
 []


Overfull \hbox (112.99329pt too wide) in paragraph at lines 838--838
[]\T1/lmtt/m/n/10 When the values in raster cells are stored as integers as opp
osed to words they take up only 0.5 as many bytes.[] 
 []

<SDS_Day_1_files/figure-latex/The size of Raster Components-1.pdf, id=268, 469.
755pt x 325.215pt>
File: SDS_Day_1_files/figure-latex/The size of Raster Components-1.pdf Graphic 
file (type pdf)
<use SDS_Day_1_files/figure-latex/The size of Raster Components-1.pdf>
Package pdftex.def Info: SDS_Day_1_files/figure-latex/The size of Raster Compon
ents-1.pdf  used on input line 874.
(pdftex.def)             Requested size: 399.29364pt x 276.43405pt.
[13pdfTeX warning (ext4): destination with the same identifier (name{figure.13}
) has been already used, duplicate ignored

\AtBegShi@Output ...ipout \box \AtBeginShipoutBox 
                                                  \fi \fi 
l.874 ...size of Raster Components-1} \end{center}
                                                   <./pictures/vector_raster.pn
g>] [14 <./SDS_Day_1_files/figure-latex/The size of Raster Components-1.pdf>]
<SDS_Day_1_files/figure-latex/Simple Features 2 - Coordinates form a Point-1.pd
f, id=291, 469.755pt x 325.215pt>
File: SDS_Day_1_files/figure-latex/Simple Features 2 - Coordinates form a Point
-1.pdf Graphic file (type pdf)
<use SDS_Day_1_files/figure-latex/Simple Features 2 - Coordinates form a Point-
1.pdf>
Package pdftex.def Info: SDS_Day_1_files/figure-latex/Simple Features 2 - Coord
inates form a Point-1.pdf  used on input line 944.
(pdftex.def)             Requested size: 352.31538pt x 243.91064pt.
<SDS_Day_1_files/figure-latex/Simple Features 3 - Points are/form a SF Geometry
 (sfg)-1.pdf, id=292, 469.755pt x 325.215pt>
File: SDS_Day_1_files/figure-latex/Simple Features 3 - Points are/form a SF Geo
metry (sfg)-1.pdf Graphic file (type pdf)
<use SDS_Day_1_files/figure-latex/Simple Features 3 - Points are/form a SF Geom
etry (sfg)-1.pdf>
Package pdftex.def Info: SDS_Day_1_files/figure-latex/Simple Features 3 - Point
s are/form a SF Geometry (sfg)-1.pdf  used on input line 964.
(pdftex.def)             Requested size: 469.75386pt x 325.2142pt.
[15 <./SDS_Day_1_files/figure-latex/Simple Features 2 - Coordinates form a Poin
t-1.pdf>]
<SDS_Day_1_files/figure-latex/Simple Features 4 - Geometries can form Geometrie
s (sfg)-1.pdf, id=303, 469.755pt x 325.215pt>
File: SDS_Day_1_files/figure-latex/Simple Features 4 - Geometries can form Geom
etries (sfg)-1.pdf Graphic file (type pdf)
<use SDS_Day_1_files/figure-latex/Simple Features 4 - Geometries can form Geome
tries (sfg)-1.pdf>
Package pdftex.def Info: SDS_Day_1_files/figure-latex/Simple Features 4 - Geome
tries can form Geometries (sfg)-1.pdf  used on input line 984.
(pdftex.def)             Requested size: 469.75386pt x 325.2142pt.
[16 <./SDS_Day_1_files/figure-latex/Simple Features 3 - Points are/form a SF Ge
ometry (sfg)-1.pdf>] [17 <./SDS_Day_1_files/figure-latex/Simple Features 4 - Ge
ometries can form Geometries (sfg)-1.pdf>]
LaTeX Font Info:    Trying to load font information for TS1+lmtt on input line 
1037.
("C:\Users\reedb\AppData\Local\Programs\MiKTeX 2.9\tex/latex/lm\ts1lmtt.fd"
File: ts1lmtt.fd 2009/10/30 v1.6 Font defs for Latin Modern
) [18]
Underfull \hbox (badness 10000) in paragraph at lines 1193--1196

 []


Underfull \hbox (badness 10000) in paragraph at lines 1196--1198

 []

<SDS_Day_1_files/figure-latex/Creat some Spatial Classes-1.pdf, id=338, 469.755
pt x 325.215pt>
File: SDS_Day_1_files/figure-latex/Creat some Spatial Classes-1.pdf Graphic fil
e (type pdf)
<use SDS_Day_1_files/figure-latex/Creat some Spatial Classes-1.pdf>
Package pdftex.def Info: SDS_Day_1_files/figure-latex/Creat some Spatial Classe
s-1.pdf  used on input line 1203.
(pdftex.def)             Requested size: 469.75386pt x 325.2142pt.
[19]
<pictures/Western_Plant_Predictors.png, id=346, 1084.05pt x 722.7pt>
File: pictures/Western_Plant_Predictors.png Graphic file (type png)
<use pictures/Western_Plant_Predictors.png>
Package pdftex.def Info: pictures/Western_Plant_Predictors.png  used on input l
ine 1236.
(pdftex.def)             Requested size: 352.31207pt x 234.87471pt.
[20 <./SDS_Day_1_files/figure-latex/Creat some Spatial Classes-1.pdf>]
<./pictures/SurpriseValley_JohnathonGlen_USGS.jpg, id=359, 1025.8325pt x 763.85
374pt>
File: ./pictures/SurpriseValley_JohnathonGlen_USGS.jpg Graphic file (type jpg)
<use ./pictures/SurpriseValley_JohnathonGlen_USGS.jpg>
Package pdftex.def Info: ./pictures/SurpriseValley_JohnathonGlen_USGS.jpg  used
 on input line 1277.
(pdftex.def)             Requested size: 399.29042pt x 297.31898pt.
[21pdfTeX warning (ext4): destination with the same identifier (name{figure.14}
) has been already used, duplicate ignored

\AtBegShi@Output ...ipout \box \AtBeginShipoutBox 
                                                  \fi \fi 
l.1283 
        <./pictures/Western_Plant_Predictors.png (PNG copy)>]
<SDS_Day_1_files/figure-latex/Create Empty Raster and Populate - 3 with output-
1.pdf, id=366, 469.755pt x 325.215pt>
File: SDS_Day_1_files/figure-latex/Create Empty Raster and Populate - 3 with ou
tput-1.pdf Graphic file (type pdf)
<use SDS_Day_1_files/figure-latex/Create Empty Raster and Populate - 3 with out
put-1.pdf>
Package pdftex.def Info: SDS_Day_1_files/figure-latex/Create Empty Raster and P
opulate - 3 with output-1.pdf  used on input line 1312.
(pdftex.def)             Requested size: 469.75386pt x 325.2142pt.
[22pdfTeX warning (ext4): destination with the same identifier (name{figure.15}
) has been already used, duplicate ignored

\AtBegShi@Output ...ipout \box \AtBeginShipoutBox 
                                                  \fi \fi 
l.1312 ...Populate - 3 with output-1} \end{center}
                                                   <./pictures/SurpriseValley_J
ohnathonGlen_USGS.jpg>] [23 <./SDS_Day_1_files/figure-latex/Create Empty Raster
 and Populate - 3 with output-1.pdf>]
<SDS_Day_1_files/figure-latex/Create Empty Raster and Populate - 8 with output-
1.pdf, id=383, 469.755pt x 325.215pt>
File: SDS_Day_1_files/figure-latex/Create Empty Raster and Populate - 8 with ou
tput-1.pdf Graphic file (type pdf)
<use SDS_Day_1_files/figure-latex/Create Empty Raster and Populate - 8 with out
put-1.pdf>
Package pdftex.def Info: SDS_Day_1_files/figure-latex/Create Empty Raster and P
opulate - 8 with output-1.pdf  used on input line 1362.
(pdftex.def)             Requested size: 469.75386pt x 325.2142pt.
[24 <./SDS_Day_1_files/figure-latex/Create Empty Raster and Populate - 8 with o
utput-1.pdf>]
<SDS_Day_1_files/figure-latex/Raster Stack-1.pdf, id=399, 469.755pt x 325.215pt
>
File: SDS_Day_1_files/figure-latex/Raster Stack-1.pdf Graphic file (type pdf)
<use SDS_Day_1_files/figure-latex/Raster Stack-1.pdf>
Package pdftex.def Info: SDS_Day_1_files/figure-latex/Raster Stack-1.pdf  used 
on input line 1409.
(pdftex.def)             Requested size: 469.75386pt x 325.2142pt.
<SDS_Day_1_files/figure-latex/Raster Brick-1.pdf, id=400, 469.755pt x 325.215pt
>
File: SDS_Day_1_files/figure-latex/Raster Brick-1.pdf Graphic file (type pdf)
<use SDS_Day_1_files/figure-latex/Raster Brick-1.pdf>
Package pdftex.def Info: SDS_Day_1_files/figure-latex/Raster Brick-1.pdf  used 
on input line 1468.
(pdftex.def)             Requested size: 469.75386pt x 325.2142pt.
[25 <./SDS_Day_1_files/figure-latex/Raster Stack-1.pdf>] [26 <./SDS_Day_1_files
/figure-latex/Raster Brick-1.pdf>]
<SDS_Day_1_files/figure-latex/sf with ggplot2 - 2-1.pdf, id=440, 469.755pt x 32
5.215pt>
File: SDS_Day_1_files/figure-latex/sf with ggplot2 - 2-1.pdf Graphic file (type
 pdf)
<use SDS_Day_1_files/figure-latex/sf with ggplot2 - 2-1.pdf>
Package pdftex.def Info: SDS_Day_1_files/figure-latex/sf with ggplot2 - 2-1.pdf
  used on input line 1545.
(pdftex.def)             Requested size: 352.31538pt x 243.91064pt.
<SDS_Day_1_files/figure-latex/sf with ggplot2 - 3-1.pdf, id=441, 469.755pt x 32
5.215pt>
File: SDS_Day_1_files/figure-latex/sf with ggplot2 - 3-1.pdf Graphic file (type
 pdf)
<use SDS_Day_1_files/figure-latex/sf with ggplot2 - 3-1.pdf>
Package pdftex.def Info: SDS_Day_1_files/figure-latex/sf with ggplot2 - 3-1.pdf
  used on input line 1561.
(pdftex.def)             Requested size: 352.31538pt x 243.91064pt.
[27 <./SDS_Day_1_files/figure-latex/sf with ggplot2 - 2-1.pdf>]
<SDS_Day_1_files/figure-latex/sf with ggplot2 - 4-1.pdf, id=452, 469.755pt x 32
5.215pt>
File: SDS_Day_1_files/figure-latex/sf with ggplot2 - 4-1.pdf Graphic file (type
 pdf)
<use SDS_Day_1_files/figure-latex/sf with ggplot2 - 4-1.pdf>
Package pdftex.def Info: SDS_Day_1_files/figure-latex/sf with ggplot2 - 4-1.pdf
  used on input line 1581.
(pdftex.def)             Requested size: 352.31538pt x 243.91064pt.
[28 <./SDS_Day_1_files/figure-latex/sf with ggplot2 - 3-1.pdf> <./SDS_Day_1_fil
es/figure-latex/sf with ggplot2 - 4-1.pdf>]
<SDS_Day_1_files/figure-latex/sf with ggplot2 - 5a-1.pdf, id=471, 469.755pt x 3
25.215pt>
File: SDS_Day_1_files/figure-latex/sf with ggplot2 - 5a-1.pdf Graphic file (typ
e pdf)
<use SDS_Day_1_files/figure-latex/sf with ggplot2 - 5a-1.pdf>
Package pdftex.def Info: SDS_Day_1_files/figure-latex/sf with ggplot2 - 5a-1.pd
f  used on input line 1600.
(pdftex.def)             Requested size: 352.31538pt x 243.91064pt.
<SDS_Day_1_files/figure-latex/sf with ggplot2 - 5b-1.pdf, id=472, 469.755pt x 3
25.215pt>
File: SDS_Day_1_files/figure-latex/sf with ggplot2 - 5b-1.pdf Graphic file (typ
e pdf)
<use SDS_Day_1_files/figure-latex/sf with ggplot2 - 5b-1.pdf>
Package pdftex.def Info: SDS_Day_1_files/figure-latex/sf with ggplot2 - 5b-1.pd
f  used on input line 1621.
(pdftex.def)             Requested size: 352.31538pt x 243.91064pt.
[29 <./SDS_Day_1_files/figure-latex/sf with ggplot2 - 5a-1.pdf>]
<SDS_Day_1_files/figure-latex/sf with ggplot2 - 6-1.pdf, id=484, 469.755pt x 32
5.215pt>
File: SDS_Day_1_files/figure-latex/sf with ggplot2 - 6-1.pdf Graphic file (type
 pdf)
<use SDS_Day_1_files/figure-latex/sf with ggplot2 - 6-1.pdf>
Package pdftex.def Info: SDS_Day_1_files/figure-latex/sf with ggplot2 - 6-1.pdf
  used on input line 1640.
(pdftex.def)             Requested size: 352.31538pt x 243.91064pt.
[30 <./SDS_Day_1_files/figure-latex/sf with ggplot2 - 5b-1.pdf> <./SDS_Day_1_fi
les/figure-latex/sf with ggplot2 - 6-1.pdf>]
<SDS_Day_1_files/figure-latex/sf with ggplot2 - 7-1.pdf, id=503, 469.755pt x 32
5.215pt>
File: SDS_Day_1_files/figure-latex/sf with ggplot2 - 7-1.pdf Graphic file (type
 pdf)
<use SDS_Day_1_files/figure-latex/sf with ggplot2 - 7-1.pdf>
Package pdftex.def Info: SDS_Day_1_files/figure-latex/sf with ggplot2 - 7-1.pdf
  used on input line 1660.
(pdftex.def)             Requested size: 352.31538pt x 243.91064pt.
<SDS_Day_1_files/figure-latex/sf with ggplot2 - 8-1.pdf, id=504, 469.755pt x 32
5.215pt>
File: SDS_Day_1_files/figure-latex/sf with ggplot2 - 8-1.pdf Graphic file (type
 pdf)
<use SDS_Day_1_files/figure-latex/sf with ggplot2 - 8-1.pdf>
Package pdftex.def Info: SDS_Day_1_files/figure-latex/sf with ggplot2 - 8-1.pdf
  used on input line 1680.
(pdftex.def)             Requested size: 352.31538pt x 243.91064pt.
[31 <./SDS_Day_1_files/figure-latex/sf with ggplot2 - 7-1.pdf>]
<SDS_Day_1_files/figure-latex/sf with ggplot2 - 9-1.pdf, id=517, 469.755pt x 32
5.215pt>
File: SDS_Day_1_files/figure-latex/sf with ggplot2 - 9-1.pdf Graphic file (type
 pdf)
<use SDS_Day_1_files/figure-latex/sf with ggplot2 - 9-1.pdf>
Package pdftex.def Info: SDS_Day_1_files/figure-latex/sf with ggplot2 - 9-1.pdf
  used on input line 1697.
(pdftex.def)             Requested size: 352.31538pt x 243.91064pt.
<SDS_Day_1_files/figure-latex/sf with ggplot2 - 10-1.pdf, id=518, 469.755pt x 3
25.215pt>
File: SDS_Day_1_files/figure-latex/sf with ggplot2 - 10-1.pdf Graphic file (typ
e pdf)
<use SDS_Day_1_files/figure-latex/sf with ggplot2 - 10-1.pdf>
Package pdftex.def Info: SDS_Day_1_files/figure-latex/sf with ggplot2 - 10-1.pd
f  used on input line 1714.
(pdftex.def)             Requested size: 352.31538pt x 243.91064pt.
[32 <./SDS_Day_1_files/figure-latex/sf with ggplot2 - 8-1.pdf> <./SDS_Day_1_fil
es/figure-latex/sf with ggplot2 - 9-1.pdf>]
<SDS_Day_1_files/figure-latex/sf with ggplot2 - 11-1.pdf, id=535, 469.755pt x 3
25.215pt>
File: SDS_Day_1_files/figure-latex/sf with ggplot2 - 11-1.pdf Graphic file (typ
e pdf)
<use SDS_Day_1_files/figure-latex/sf with ggplot2 - 11-1.pdf>
Package pdftex.def Info: SDS_Day_1_files/figure-latex/sf with ggplot2 - 11-1.pd
f  used on input line 1738.
(pdftex.def)             Requested size: 352.31538pt x 243.91064pt.
[33 <./SDS_Day_1_files/figure-latex/sf with ggplot2 - 10-1.pdf> <./SDS_Day_1_fi
les/figure-latex/sf with ggplot2 - 11-1.pdf>]
<SDS_Day_1_files/figure-latex/sf with ggplot2 - 12-1.pdf, id=549, 469.755pt x 3
25.215pt>
File: SDS_Day_1_files/figure-latex/sf with ggplot2 - 12-1.pdf Graphic file (typ
e pdf)
<use SDS_Day_1_files/figure-latex/sf with ggplot2 - 12-1.pdf>
Package pdftex.def Info: SDS_Day_1_files/figure-latex/sf with ggplot2 - 12-1.pd
f  used on input line 1761.
(pdftex.def)             Requested size: 352.31538pt x 243.91064pt.
[34 <./SDS_Day_1_files/figure-latex/sf with ggplot2 - 12-1.pdf>] [35]
Package atveryend Info: Empty hook `BeforeClearDocument' on input line 1884.
[36]
Package atveryend Info: Empty hook `AfterLastShipout' on input line 1884.
(SDS_Day_1.aux)
Package atveryend Info: Executing hook `AtVeryEndDocument' on input line 1884.
Package atveryend Info: Empty hook `AtEndAfterFileList' on input line 1884.
 ) 
Here is how much of TeX's memory you used:
 14467 strings out of 481568
 226881 string characters out of 2914270
 501504 words of memory out of 3000000
 29147 multiletter control sequences out of 15000+200000
 593547 words of font info for 116 fonts, out of 3000000 for 9000
 1141 hyphenation exceptions out of 8191
 41i,6n,42p,1050b,471s stack positions out of 5000i,500n,10000p,200000b,50000s
{C:/Users/reedb/AppData/Local/Programs/MiKTeX 2.9/fonts/enc/dvips/lm/lm-ts1.e
nc}{C:/Users/reedb/AppData/Local/Programs/MiKTeX 2.9/fonts/enc/dvips/lm/lm-ec.e
nc}{C:/Users/reedb/AppData/Local/Programs/MiKTeX 2.9/fonts/enc/dvips/lm/lm-math
it.enc}{C:/Users/reedb/AppData/Local/Programs/MiKTeX 2.9/fonts/enc/dvips/lm/lm-
mathsy.enc}{C:/Users/reedb/AppData/Local/Programs/MiKTeX 2.9/fonts/enc/dvips/lm
/lm-rm.enc}<C:/Users/reedb/AppData/Local/Programs/MiKTeX 2.9/fonts/type1/public
/lm/lmbx10.pfb><C:/Users/reedb/AppData/Local/Programs/MiKTeX 2.9/fonts/type1/pu
blic/lm/lmbx12.pfb><C:/Users/reedb/AppData/Local/Programs/MiKTeX 2.9/fonts/type
1/public/lm/lmmi10.pfb><C:/Users/reedb/AppData/Local/Programs/MiKTeX 2.9/fonts/
type1/public/lm/lmr10.pfb><C:/Users/reedb/AppData/Local/Programs/MiKTeX 2.9/fon
ts/type1/public/lm/lmr12.pfb><C:/Users/reedb/AppData/Local/Programs/MiKTeX 2.9/
fonts/type1/public/lm/lmr17.pfb><C:/Users/reedb/AppData/Local/Programs/MiKTeX 2
.9/fonts/type1/public/lm/lmri10.pfb><C:/Users/reedb/AppData/Local/Programs/MiKT
eX 2.9/fonts/type1/public/lm/lmsy7.pfb><C:/Users/reedb/AppData/Local/Programs/M
iKTeX 2.9/fonts/type1/public/lm/lmtt10.pfb><C:/Users/reedb/AppData/Local/Progra
ms/MiKTeX 2.9/fonts/type1/public/lm/lmtti10.pfb>
Output written on SDS_Day_1.pdf (36 pages, 13288139 bytes).
PDF statistics:
 819 PDF objects out of 1000 (max. 8388607)
 167 named destinations out of 1000 (max. 500000)
 12903 words of extra memory for PDF output out of 14400 (max. 10000000)

